#
# There is insufficient memory for the Java Runtime Environment to continue.
# Native memory allocation (malloc) failed to allocate 342736 bytes for Chunk::new
# Possible reasons:
#   The system is out of physical RAM or swap space
#   The process is running with CompressedOops enabled, and the Java Heap may be blocking the growth of the native heap
# Possible solutions:
#   Reduce memory load on the system
#   Increase physical memory or swap space
#   Check if swap backing store is full
#   Decrease Java heap size (-Xmx/-Xms)
#   Decrease number of Java threads
#   Decrease Java thread stack sizes (-Xss)
#   Set larger code cache with -XX:ReservedCodeCacheSize=
#   JVM is running with Unscaled Compressed Oops mode in which the Java heap is
#     placed in the first 4GB address space. The Java Heap base address is the
#     maximum limit for the native heap growth. Please use -XX:HeapBaseMinAddress
#     to set the Java Heap base and to place the Java Heap above 4GB virtual address.
# This output file may be truncated or incomplete.
#
#  Out of Memory Error (./open/src/hotspot/share/memory/arena.cpp:197), pid=35360, tid=27504
#
# JRE version: Java(TM) SE Runtime Environment 18.9 (11.0.18+9) (build 11.0.18+9-LTS-195)
# Java VM: Java HotSpot(TM) 64-Bit Server VM 18.9 (11.0.18+9-LTS-195, mixed mode, tiered, compressed oops, g1 gc, windows-amd64)
# No core dump will be written. Minidumps are not enabled by default on client versions of Windows
#

---------------  S U M M A R Y ------------

Command Line: -Xmx64m -Xms64m -javaagent:C:\Users\prajna.p.pradhan\Downloads\gradle-8.3-bin\gradle-8.3/lib/agents/gradle-instrumentation-agent-8.3.jar -Dorg.gradle.appname=gradle org.gradle.launcher.GradleMain init

Host: Intel(R) Core(TM) i5-10310U CPU @ 1.70GHz, 8 cores, 7G,  Windows 11 , 64 bit Build 22000 (10.0.22000.2124)
Time: Tue Aug 22 21:16:36 2023 India Standard Time elapsed time: 8.730799 seconds (0d 0h 0m 8s)

---------------  T H R E A D  ---------------

Current thread (0x0000021521e03000):  JavaThread "C2 CompilerThread0" daemon [_thread_in_native, id=27504, stack(0x00000065dff00000,0x00000065e0000000)]


Current CompileTask:
C2:   8731 1363 %     4       java.io.WinNTFileSystem::normalize @ 22 (143 bytes)

Stack: [0x00000065dff00000,0x00000065e0000000]
Native frames: (J=compiled Java code, j=interpreted, Vv=VM code, C=native code)
V  [jvm.dll+0x65d8aa]
V  [jvm.dll+0x79fc1f]
V  [jvm.dll+0x7a12e9]
V  [jvm.dll+0x7a1983]
V  [jvm.dll+0x2585b5]
V  [jvm.dll+0xb284c]
V  [jvm.dll+0xb2e0c]
V  [jvm.dll+0x365ddf]
V  [jvm.dll+0x1a2414]
V  [jvm.dll+0x2114fd]
V  [jvm.dll+0x210378]
V  [jvm.dll+0x18c641]
V  [jvm.dll+0x220609]
V  [jvm.dll+0x21e92c]
V  [jvm.dll+0x763f61]
V  [jvm.dll+0x75c924]
V  [jvm.dll+0x65c755]
C  [ucrtbase.dll+0x26c0c]
C  [KERNEL32.DLL+0x155a0]
C  [ntdll.dll+0x485b]


---------------  P R O C E S S  ---------------

Threads class SMR info:
_java_thread_list=0x0000021522f453e0, length=12, elements={
0x0000021507e30000, 0x0000021521439000, 0x0000021521443800, 0x0000021521498800,
0x000002152149c800, 0x0000021521e00800, 0x0000021521e03000, 0x0000021521e08000,
0x0000021521e18000, 0x0000021521f71000, 0x0000021522f82800, 0x0000021522e2c800
}

Java Threads: ( => current thread )
  0x0000021507e30000 JavaThread "main" [_thread_in_native, id=38580, stack(0x00000065df300000,0x00000065df400000)]
  0x0000021521439000 JavaThread "Reference Handler" daemon [_thread_blocked, id=23796, stack(0x00000065dfa00000,0x00000065dfb00000)]
  0x0000021521443800 JavaThread "Finalizer" daemon [_thread_blocked, id=36544, stack(0x00000065dfb00000,0x00000065dfc00000)]
  0x0000021521498800 JavaThread "Signal Dispatcher" daemon [_thread_blocked, id=38392, stack(0x00000065dfc00000,0x00000065dfd00000)]
  0x000002152149c800 JavaThread "Attach Listener" daemon [_thread_blocked, id=37640, stack(0x00000065dfd00000,0x00000065dfe00000)]
  0x0000021521e00800 JavaThread "Service Thread" daemon [_thread_blocked, id=1188, stack(0x00000065dfe00000,0x00000065dff00000)]
=>0x0000021521e03000 JavaThread "C2 CompilerThread0" daemon [_thread_in_native, id=27504, stack(0x00000065dff00000,0x00000065e0000000)]
  0x0000021521e08000 JavaThread "C1 CompilerThread0" daemon [_thread_blocked, id=32160, stack(0x00000065e0000000,0x00000065e0100000)]
  0x0000021521e18000 JavaThread "Sweeper thread" daemon [_thread_blocked, id=3300, stack(0x00000065e0100000,0x00000065e0200000)]
  0x0000021521f71000 JavaThread "Common-Cleaner" daemon [_thread_blocked, id=21092, stack(0x00000065e0200000,0x00000065e0300000)]
  0x0000021522f82800 JavaThread "pool-1-thread-1" [_thread_blocked, id=31968, stack(0x00000065e0600000,0x00000065e0700000)]
  0x0000021522e2c800 JavaThread "C2 CompilerThread1" daemon [_thread_blocked, id=26668, stack(0x00000065e0800000,0x00000065e0900000)]

Other Threads:
  0x0000021521415000 VMThread "VM Thread" [stack: 0x00000065df900000,0x00000065dfa00000] [id=27656]
  0x0000021521fea000 WatcherThread [stack: 0x00000065e0400000,0x00000065e0500000] [id=10136]
  0x0000021507e46800 GCTaskThread "GC Thread#0" [stack: 0x00000065df400000,0x00000065df500000] [id=24676]
  0x0000021522790000 GCTaskThread "GC Thread#1" [stack: 0x00000065e0500000,0x00000065e0600000] [id=33704]
  0x0000021522f20000 GCTaskThread "GC Thread#2" [stack: 0x00000065e0900000,0x00000065e0a00000] [id=13036]
  0x0000021522f21000 GCTaskThread "GC Thread#3" [stack: 0x00000065e0a00000,0x00000065e0b00000] [id=24000]
  0x0000021522f36000 GCTaskThread "GC Thread#4" [stack: 0x00000065e0b00000,0x00000065e0c00000] [id=18728]
  0x0000021522f37000 GCTaskThread "GC Thread#5" [stack: 0x00000065e0c00000,0x00000065e0d00000] [id=38528]
  0x0000021507e4e000 ConcurrentGCThread "G1 Main Marker" [stack: 0x00000065df500000,0x00000065df600000] [id=4768]
  0x0000021507e50000 ConcurrentGCThread "G1 Conc#0" [stack: 0x00000065df600000,0x00000065df700000] [id=38328]
  0x0000021507eba000 ConcurrentGCThread "G1 Refine#0" [stack: 0x00000065df700000,0x00000065df800000] [id=34268]
  0x0000021507ebd000 ConcurrentGCThread "G1 Young RemSet Sampling" [stack: 0x00000065df800000,0x00000065df900000] [id=23620]

Threads with active compile tasks:
C2 CompilerThread0     8804 1363 %     4       java.io.WinNTFileSystem::normalize @ 22 (143 bytes)

VM state:not at safepoint (normal execution)

VM Mutex/Monitor currently owned by a thread: None

Heap address: 0x00000000fc000000, size: 64 MB, Compressed Oops mode: 32-bit
Narrow klass base: 0x0000000000000000, Narrow klass shift: 3
Compressed class space size: 1073741824 Address: 0x0000000100000000

Heap:
 garbage-first heap   total 65536K, used 14032K [0x00000000fc000000, 0x0000000100000000)
  region size 1024K, 5 young (5120K), 2 survivors (2048K)
 Metaspace       used 16401K, capacity 16676K, committed 16896K, reserved 1064960K
  class space    used 1892K, capacity 1995K, committed 2048K, reserved 1048576K
Heap Regions: E=young(eden), S=young(survivor), O=old, HS=humongous(starts), HC=humongous(continues), CS=collection set, F=free, A=archive, TAMS=top-at-mark-start (previous, next)
|   0|0x00000000fc000000, 0x00000000fc100000, 0x00000000fc100000|100%|HS|  |TAMS 0x00000000fc000000, 0x00000000fc000000| Complete 
|   1|0x00000000fc100000, 0x00000000fc200000, 0x00000000fc200000|100%|HC|  |TAMS 0x00000000fc100000, 0x00000000fc100000| Complete 
|   2|0x00000000fc200000, 0x00000000fc300000, 0x00000000fc300000|100%|HC|  |TAMS 0x00000000fc200000, 0x00000000fc200000| Complete 
|   3|0x00000000fc300000, 0x00000000fc400000, 0x00000000fc400000|100%|HC|  |TAMS 0x00000000fc300000, 0x00000000fc300000| Complete 
|   4|0x00000000fc400000, 0x00000000fc500000, 0x00000000fc500000|100%| O|  |TAMS 0x00000000fc400000, 0x00000000fc400000| Untracked 
|   5|0x00000000fc500000, 0x00000000fc600000, 0x00000000fc600000|100%| O|  |TAMS 0x00000000fc500000, 0x00000000fc500000| Untracked 
|   6|0x00000000fc600000, 0x00000000fc700000, 0x00000000fc700000|100%| O|  |TAMS 0x00000000fc600000, 0x00000000fc600000| Untracked 
|   7|0x00000000fc700000, 0x00000000fc800000, 0x00000000fc800000|100%| O|  |TAMS 0x00000000fc700000, 0x00000000fc700000| Untracked 
|   8|0x00000000fc800000, 0x00000000fc900000, 0x00000000fc900000|100%| O|  |TAMS 0x00000000fc800000, 0x00000000fc800000| Untracked 
|   9|0x00000000fc900000, 0x00000000fca00000, 0x00000000fca00000|100%| O|  |TAMS 0x00000000fc900000, 0x00000000fc900000| Untracked 
|  10|0x00000000fca00000, 0x00000000fca7f200, 0x00000000fcb00000| 49%| O|  |TAMS 0x00000000fca00000, 0x00000000fca00000| Untracked 
|  11|0x00000000fcb00000, 0x00000000fcb00000, 0x00000000fcc00000|  0%| F|  |TAMS 0x00000000fcb00000, 0x00000000fcb00000| Untracked 
|  12|0x00000000fcc00000, 0x00000000fcc00000, 0x00000000fcd00000|  0%| F|  |TAMS 0x00000000fcc00000, 0x00000000fcc00000| Untracked 
|  13|0x00000000fcd00000, 0x00000000fcd00000, 0x00000000fce00000|  0%| F|  |TAMS 0x00000000fcd00000, 0x00000000fcd00000| Untracked 
|  14|0x00000000fce00000, 0x00000000fce00000, 0x00000000fcf00000|  0%| F|  |TAMS 0x00000000fce00000, 0x00000000fce00000| Untracked 
|  15|0x00000000fcf00000, 0x00000000fcf00000, 0x00000000fd000000|  0%| F|  |TAMS 0x00000000fcf00000, 0x00000000fcf00000| Untracked 
|  16|0x00000000fd000000, 0x00000000fd000000, 0x00000000fd100000|  0%| F|  |TAMS 0x00000000fd000000, 0x00000000fd000000| Untracked 
|  17|0x00000000fd100000, 0x00000000fd100000, 0x00000000fd200000|  0%| F|  |TAMS 0x00000000fd100000, 0x00000000fd100000| Untracked 
|  18|0x00000000fd200000, 0x00000000fd200000, 0x00000000fd300000|  0%| F|  |TAMS 0x00000000fd200000, 0x00000000fd200000| Untracked 
|  19|0x00000000fd300000, 0x00000000fd300000, 0x00000000fd400000|  0%| F|  |TAMS 0x00000000fd300000, 0x00000000fd300000| Untracked 
|  20|0x00000000fd400000, 0x00000000fd400000, 0x00000000fd500000|  0%| F|  |TAMS 0x00000000fd400000, 0x00000000fd400000| Untracked 
|  21|0x00000000fd500000, 0x00000000fd500000, 0x00000000fd600000|  0%| F|  |TAMS 0x00000000fd500000, 0x00000000fd500000| Untracked 
|  22|0x00000000fd600000, 0x00000000fd600000, 0x00000000fd700000|  0%| F|  |TAMS 0x00000000fd600000, 0x00000000fd600000| Untracked 
|  23|0x00000000fd700000, 0x00000000fd700000, 0x00000000fd800000|  0%| F|  |TAMS 0x00000000fd700000, 0x00000000fd700000| Untracked 
|  24|0x00000000fd800000, 0x00000000fd800000, 0x00000000fd900000|  0%| F|  |TAMS 0x00000000fd800000, 0x00000000fd800000| Untracked 
|  25|0x00000000fd900000, 0x00000000fd900000, 0x00000000fda00000|  0%| F|  |TAMS 0x00000000fd900000, 0x00000000fd900000| Untracked 
|  26|0x00000000fda00000, 0x00000000fda00000, 0x00000000fdb00000|  0%| F|  |TAMS 0x00000000fda00000, 0x00000000fda00000| Untracked 
|  27|0x00000000fdb00000, 0x00000000fdb00000, 0x00000000fdc00000|  0%| F|  |TAMS 0x00000000fdb00000, 0x00000000fdb00000| Untracked 
|  28|0x00000000fdc00000, 0x00000000fdc00000, 0x00000000fdd00000|  0%| F|  |TAMS 0x00000000fdc00000, 0x00000000fdc00000| Untracked 
|  29|0x00000000fdd00000, 0x00000000fdd00000, 0x00000000fde00000|  0%| F|  |TAMS 0x00000000fdd00000, 0x00000000fdd00000| Untracked 
|  30|0x00000000fde00000, 0x00000000fde00000, 0x00000000fdf00000|  0%| F|  |TAMS 0x00000000fde00000, 0x00000000fde00000| Untracked 
|  31|0x00000000fdf00000, 0x00000000fdf00000, 0x00000000fe000000|  0%| F|  |TAMS 0x00000000fdf00000, 0x00000000fdf00000| Untracked 
|  32|0x00000000fe000000, 0x00000000fe000000, 0x00000000fe100000|  0%| F|  |TAMS 0x00000000fe000000, 0x00000000fe000000| Untracked 
|  33|0x00000000fe100000, 0x00000000fe100000, 0x00000000fe200000|  0%| F|  |TAMS 0x00000000fe100000, 0x00000000fe100000| Untracked 
|  34|0x00000000fe200000, 0x00000000fe2351c0, 0x00000000fe300000| 20%| S|CS|TAMS 0x00000000fe200000, 0x00000000fe200000| Complete 
|  35|0x00000000fe300000, 0x00000000fe400000, 0x00000000fe400000|100%| S|CS|TAMS 0x00000000fe300000, 0x00000000fe300000| Complete 
|  36|0x00000000fe400000, 0x00000000fe400000, 0x00000000fe500000|  0%| F|  |TAMS 0x00000000fe400000, 0x00000000fe400000| Untracked 
|  37|0x00000000fe500000, 0x00000000fe500000, 0x00000000fe600000|  0%| F|  |TAMS 0x00000000fe500000, 0x00000000fe500000| Untracked 
|  38|0x00000000fe600000, 0x00000000fe600000, 0x00000000fe700000|  0%| F|  |TAMS 0x00000000fe600000, 0x00000000fe600000| Untracked 
|  39|0x00000000fe700000, 0x00000000fe700000, 0x00000000fe800000|  0%| F|  |TAMS 0x00000000fe700000, 0x00000000fe700000| Untracked 
|  40|0x00000000fe800000, 0x00000000fe800000, 0x00000000fe900000|  0%| F|  |TAMS 0x00000000fe800000, 0x00000000fe800000| Untracked 
|  41|0x00000000fe900000, 0x00000000fe900000, 0x00000000fea00000|  0%| F|  |TAMS 0x00000000fe900000, 0x00000000fe900000| Untracked 
|  42|0x00000000fea00000, 0x00000000fea00000, 0x00000000feb00000|  0%| F|  |TAMS 0x00000000fea00000, 0x00000000fea00000| Untracked 
|  43|0x00000000feb00000, 0x00000000feb00000, 0x00000000fec00000|  0%| F|  |TAMS 0x00000000feb00000, 0x00000000feb00000| Untracked 
|  44|0x00000000fec00000, 0x00000000fec00000, 0x00000000fed00000|  0%| F|  |TAMS 0x00000000fec00000, 0x00000000fec00000| Untracked 
|  45|0x00000000fed00000, 0x00000000fed00000, 0x00000000fee00000|  0%| F|  |TAMS 0x00000000fed00000, 0x00000000fed00000| Untracked 
|  46|0x00000000fee00000, 0x00000000fee00000, 0x00000000fef00000|  0%| F|  |TAMS 0x00000000fee00000, 0x00000000fee00000| Untracked 
|  47|0x00000000fef00000, 0x00000000fef00000, 0x00000000ff000000|  0%| F|  |TAMS 0x00000000fef00000, 0x00000000fef00000| Untracked 
|  48|0x00000000ff000000, 0x00000000ff000000, 0x00000000ff100000|  0%| F|  |TAMS 0x00000000ff000000, 0x00000000ff000000| Untracked 
|  49|0x00000000ff100000, 0x00000000ff100000, 0x00000000ff200000|  0%| F|  |TAMS 0x00000000ff100000, 0x00000000ff100000| Untracked 
|  50|0x00000000ff200000, 0x00000000ff200000, 0x00000000ff300000|  0%| F|  |TAMS 0x00000000ff200000, 0x00000000ff200000| Untracked 
|  51|0x00000000ff300000, 0x00000000ff300000, 0x00000000ff400000|  0%| F|  |TAMS 0x00000000ff300000, 0x00000000ff300000| Untracked 
|  52|0x00000000ff400000, 0x00000000ff400000, 0x00000000ff500000|  0%| F|  |TAMS 0x00000000ff400000, 0x00000000ff400000| Untracked 
|  53|0x00000000ff500000, 0x00000000ff500000, 0x00000000ff600000|  0%| F|  |TAMS 0x00000000ff500000, 0x00000000ff500000| Untracked 
|  54|0x00000000ff600000, 0x00000000ff600000, 0x00000000ff700000|  0%| F|  |TAMS 0x00000000ff600000, 0x00000000ff600000| Untracked 
|  55|0x00000000ff700000, 0x00000000ff700000, 0x00000000ff800000|  0%| F|  |TAMS 0x00000000ff700000, 0x00000000ff700000| Untracked 
|  56|0x00000000ff800000, 0x00000000ff800000, 0x00000000ff900000|  0%| F|  |TAMS 0x00000000ff800000, 0x00000000ff800000| Untracked 
|  57|0x00000000ff900000, 0x00000000ff900000, 0x00000000ffa00000|  0%| F|  |TAMS 0x00000000ff900000, 0x00000000ff900000| Untracked 
|  58|0x00000000ffa00000, 0x00000000ffa00000, 0x00000000ffb00000|  0%| F|  |TAMS 0x00000000ffa00000, 0x00000000ffa00000| Untracked 
|  59|0x00000000ffb00000, 0x00000000ffb00000, 0x00000000ffc00000|  0%| F|  |TAMS 0x00000000ffb00000, 0x00000000ffb00000| Untracked 
|  60|0x00000000ffc00000, 0x00000000ffc00000, 0x00000000ffd00000|  0%| F|  |TAMS 0x00000000ffc00000, 0x00000000ffc00000| Untracked 
|  61|0x00000000ffd00000, 0x00000000ffdf7500, 0x00000000ffe00000| 96%| E|  |TAMS 0x00000000ffd00000, 0x00000000ffd00000| Complete 
|  62|0x00000000ffe00000, 0x00000000fff00000, 0x00000000fff00000|100%| E|CS|TAMS 0x00000000ffe00000, 0x00000000ffe00000| Complete 
|  63|0x00000000fff00000, 0x0000000100000000, 0x0000000100000000|100%| E|CS|TAMS 0x00000000fff00000, 0x00000000fff00000| Complete 

Card table byte_map: [0x0000021507d60000,0x0000021507d80000] _byte_map_base: 0x0000021507580000

Marking Bits (Prev, Next): (CMBitMap*) 0x0000021507e4cdd8, (CMBitMap*) 0x0000021507e4ce10
 Prev Bits: [0x000002151e820000, 0x000002151e920000)
 Next Bits: [0x000002151e920000, 0x000002151ea20000)

Polling page: 0x00000215075e0000

Metaspace:

Usage:
  Non-class:     14.34 MB capacity,    14.17 MB ( 99%) used,   146.62 KB ( <1%) free+waste,    25.25 KB ( <1%) overhead. 
      Class:      1.95 MB capacity,     1.85 MB ( 95%) used,    90.06 KB (  5%) free+waste,    12.75 KB ( <1%) overhead. 
       Both:     16.29 MB capacity,    16.02 MB ( 98%) used,   236.69 KB (  1%) free+waste,    38.00 KB ( <1%) overhead. 

Virtual space:
  Non-class space:       16.00 MB reserved,      14.50 MB ( 91%) committed 
      Class space:        1.00 GB reserved,       2.00 MB ( <1%) committed 
             Both:        1.02 GB reserved,      16.50 MB (  2%) committed 

Chunk freelists:
   Non-Class:  4.88 KB
       Class:  2.62 KB
        Both:  7.50 KB

CodeHeap 'non-profiled nmethods': size=120000Kb used=584Kb max_used=584Kb free=119415Kb
 bounds [0x0000021516fb0000, 0x0000021517220000, 0x000002151e4e0000]
CodeHeap 'profiled nmethods': size=120000Kb used=2630Kb max_used=2630Kb free=117369Kb
 bounds [0x000002150fa80000, 0x000002150fd20000, 0x0000021516fb0000]
CodeHeap 'non-nmethods': size=5760Kb used=1113Kb max_used=1125Kb free=4646Kb
 bounds [0x000002150f4e0000, 0x000002150f750000, 0x000002150fa80000]
 total_blobs=1827 nmethods=1386 adapters=353
 compilation: enabled
              stopped_count=0, restarted_count=0
 full_count=0

Compilation events (10 events):
Event: 8.719 Thread 0x0000021522e2c800 1376       4       sun.security.provider.SHA2::lf_ch (10 bytes)
Event: 8.719 Thread 0x0000021522e2c800 nmethod 1376 0x0000021517040910 code [0x0000021517040a80, 0x0000021517040ad8]
Event: 8.719 Thread 0x0000021522e2c800 1377       4       sun.security.provider.SHA2::lf_maj (12 bytes)
Event: 8.720 Thread 0x0000021522e2c800 nmethod 1377 0x0000021517040b90 code [0x0000021517040d00, 0x0000021517040d58]
Event: 8.720 Thread 0x0000021522e2c800 1369   !   4       java.nio.DirectByteBuffer::get (28 bytes)
Event: 8.720 Thread 0x0000021522e2c800 nmethod 1369 0x0000021517040e10 code [0x0000021517040f80, 0x0000021517041018]
Event: 8.720 Thread 0x0000021522e2c800 1364       4       java.util.concurrent.ConcurrentHashMap$Node::<init> (20 bytes)
Event: 8.723 Thread 0x0000021522e2c800 nmethod 1364 0x0000021517041110 code [0x0000021517041280, 0x0000021517041478]
Event: 8.723 Thread 0x0000021521e08000 1379       3       java.lang.invoke.InnerClassLambdaMetafactory::getOpcodeOffset (38 bytes)
Event: 8.723 Thread 0x0000021521e08000 nmethod 1379 0x000002150fd0ec90 code [0x000002150fd0ee40, 0x000002150fd0f0b8]

GC Heap History (4 events):
Event: 1.365 GC heap before
{Heap before GC invocations=0 (full 0):
 garbage-first heap   total 65536K, used 27648K [0x00000000fc000000, 0x0000000100000000)
  region size 1024K, 24 young (24576K), 0 survivors (0K)
 Metaspace       used 9868K, capacity 10060K, committed 10368K, reserved 1058816K
  class space    used 1017K, capacity 1098K, committed 1152K, reserved 1048576K
}
Event: 1.377 GC heap after
{Heap after GC invocations=1 (full 0):
 garbage-first heap   total 65536K, used 10449K [0x00000000fc000000, 0x0000000100000000)
  region size 1024K, 3 young (3072K), 3 survivors (3072K)
 Metaspace       used 9868K, capacity 10060K, committed 10368K, reserved 1058816K
  class space    used 1017K, capacity 1098K, committed 1152K, reserved 1048576K
}
Event: 3.648 GC heap before
{Heap before GC invocations=1 (full 0):
 garbage-first heap   total 65536K, used 36049K [0x00000000fc000000, 0x0000000100000000)
  region size 1024K, 28 young (28672K), 3 survivors (3072K)
 Metaspace       used 15067K, capacity 15352K, committed 15488K, reserved 1062912K
  class space    used 1747K, capacity 1851K, committed 1920K, reserved 1048576K
}
Event: 3.655 GC heap after
{Heap after GC invocations=2 (full 0):
 garbage-first heap   total 65536K, used 11984K [0x00000000fc000000, 0x0000000100000000)
  region size 1024K, 2 young (2048K), 2 survivors (2048K)
 Metaspace       used 15067K, capacity 15352K, committed 15488K, reserved 1062912K
  class space    used 1747K, capacity 1851K, committed 1920K, reserved 1048576K
}

Deoptimization events (10 events):
Event: 1.286 Thread 0x0000021507e30000 Uncommon trap: reason=class_check action=maybe_recompile pc=0x0000021516fcc344 method=java.util.regex.Matcher.match(II)Z @ 121 c2
Event: 1.286 Thread 0x0000021507e30000 Uncommon trap: reason=class_check action=maybe_recompile pc=0x0000021516fcc344 method=java.util.regex.Matcher.match(II)Z @ 121 c2
Event: 1.304 Thread 0x0000021507e30000 Uncommon trap: reason=unstable_if action=reinterpret pc=0x0000021516fef420 method=java.util.HashMap.hash(Ljava/lang/Object;)I @ 1 c2
Event: 1.306 Thread 0x0000021507e30000 Uncommon trap: reason=unstable_if action=reinterpret pc=0x0000021516fcf290 method=java.io.WinNTFileSystem.resolve(Ljava/lang/String;Ljava/lang/String;)Ljava/lang/String; @ 156 c2
Event: 1.899 Thread 0x0000021507e30000 Uncommon trap: reason=unstable_if action=reinterpret pc=0x000002151701a950 method=java.util.HashMap.getNode(ILjava/lang/Object;)Ljava/util/HashMap$Node; @ 129 c2
Event: 1.899 Thread 0x0000021507e30000 Uncommon trap: reason=bimorphic_or_optimized_type_check action=maybe_recompile pc=0x000002151701e4f0 method=java.util.HashMap.putVal(ILjava/lang/Object;Ljava/lang/Object;ZZ)Ljava/lang/Object; @ 203 c2
Event: 3.682 Thread 0x0000021523386000 Uncommon trap: reason=unstable_if action=reinterpret pc=0x0000021516feb6e8 method=java.lang.AbstractStringBuilder.putStringAt(ILjava/lang/String;)V @ 8 c2
Event: 3.682 Thread 0x0000021523386000 Uncommon trap: reason=unstable_if action=reinterpret pc=0x0000021516fefc5c method=java.lang.AbstractStringBuilder.putStringAt(ILjava/lang/String;)V @ 8 c2
Event: 3.682 Thread 0x0000021523386000 Uncommon trap: reason=unstable_if action=reinterpret pc=0x000002151701c420 method=java.lang.AbstractStringBuilder.isLatin1()Z @ 10 c2
Event: 8.676 Thread 0x0000021523386000 Uncommon trap: reason=unstable_if action=reinterpret pc=0x0000021517022454 method=java.util.concurrent.ConcurrentHashMap.putVal(Ljava/lang/Object;Ljava/lang/Object;Z)Ljava/lang/Object; @ 97 c2

Classes redefined (0 events):
No events

Internal exceptions (10 events):
Event: 1.794 Thread 0x0000021507e30000 Exception <a 'java/lang/NoSuchMethodError'{0x00000000ff399b98}: java.lang.invoke.DirectMethodHandle$Holder.invokeStaticInit(Ljava/lang/Object;Ljava/lang/Object;Ljava/lang/Object;)Ljava/lang/Object;> (0x00000000ff399b98) thrown at [./open/src/hotspot/share
Event: 1.936 Thread 0x0000021507e30000 Exception <a 'java/lang/NoSuchMethodError'{0x00000000feea2df0}: java.lang.invoke.DirectMethodHandle$Holder.invokeStaticInit(Ljava/lang/Object;Ljava/lang/Object;)V> (0x00000000feea2df0) thrown at [./open/src/hotspot/share/interpreter/linkResolver.cpp, line
Event: 1.946 Thread 0x0000021507e30000 Exception <a 'java/lang/NoSuchMethodError'{0x00000000feece3c8}: java.lang.invoke.DirectMethodHandle$Holder.invokeStaticInit(Ljava/lang/Object;IIII)Ljava/lang/Object;> (0x00000000feece3c8) thrown at [./open/src/hotspot/share/interpreter/linkResolver.cpp, l
Event: 2.719 Thread 0x0000021507e30000 Exception <a 'java/lang/NoSuchMethodError'{0x00000000fed4ab98}: java.lang.invoke.DirectMethodHandle$Holder.invokeStaticInit(Ljava/lang/Object;Ljava/lang/Object;IIII)Ljava/lang/Object;> (0x00000000fed4ab98) thrown at [./open/src/hotspot/share/interpreter/l
Event: 3.359 Thread 0x0000021507e30000 Exception <a 'java/lang/NoSuchMethodError'{0x00000000fede17d8}: java.lang.invoke.DirectMethodHandle$Holder.invokeSpecial(Ljava/lang/Object;Ljava/lang/Object;)V> (0x00000000fede17d8) thrown at [./open/src/hotspot/share/interpreter/linkResolver.cpp, line 77
Event: 3.639 Thread 0x0000021523386000 Exception <a 'java/lang/NoSuchMethodError'{0x00000000fe4900f0}: java.lang.invoke.DirectMethodHandle$Holder.invokeStatic(Ljava/lang/Object;J)V> (0x00000000fe4900f0) thrown at [./open/src/hotspot/share/interpreter/linkResolver.cpp, line 772]
Event: 3.639 Thread 0x0000021523386000 Exception <a 'java/lang/NoSuchMethodError'{0x00000000fe4955c8}: java.lang.invoke.DirectMethodHandle$Holder.invokeStatic(Ljava/lang/Object;J)Ljava/lang/Object;> (0x00000000fe4955c8) thrown at [./open/src/hotspot/share/interpreter/linkResolver.cpp, line 772
Event: 3.643 Thread 0x0000021523386000 Exception <a 'java/lang/NoSuchMethodError'{0x00000000fe4a3660}: java.lang.invoke.DirectMethodHandle$Holder.invokeStaticInit(Ljava/lang/Object;Ljava/lang/Object;JLjava/lang/Object;)Ljava/lang/Object;> (0x00000000fe4a3660) thrown at [./open/src/hotspot/shar
Event: 3.644 Thread 0x0000021523386000 Exception <a 'java/lang/NoSuchMethodError'{0x00000000fe4a9548}: java.lang.invoke.DirectMethodHandle$Holder.invokeStatic(Ljava/lang/Object;Ljava/lang/Object;J)Ljava/lang/Object;> (0x00000000fe4a9548) thrown at [./open/src/hotspot/share/interpreter/linkReso
Event: 3.645 Thread 0x0000021523386000 Exception <a 'java/lang/NoSuchMethodError'{0x00000000fe4af818}: java.lang.invoke.Invokers$Holder.linkToTargetMethod(Ljava/lang/Object;JLjava/lang/Object;)Ljava/lang/Object;> (0x00000000fe4af818) thrown at [./open/src/hotspot/share/interpreter/linkResolver

Events (10 events):
Event: 8.724 loading class sun/nio/ch/SocketOptionRegistry$RegistryKey done
Event: 8.724 loading class sun/nio/ch/SocketOptionRegistry$LazyInitialization
Event: 8.724 loading class sun/nio/ch/SocketOptionRegistry$LazyInitialization done
Event: 8.724 loading class sun/nio/ch/OptionKey
Event: 8.724 loading class sun/nio/ch/OptionKey done
Event: 8.725 loading class java/util/concurrent/atomic/AtomicReferenceFieldUpdater
Event: 8.725 loading class java/util/concurrent/atomic/AtomicReferenceFieldUpdater done
Event: 8.725 loading class java/util/concurrent/atomic/AtomicReferenceFieldUpdater$AtomicReferenceFieldUpdaterImpl
Event: 8.726 loading class java/util/concurrent/atomic/AtomicReferenceFieldUpdater$AtomicReferenceFieldUpdaterImpl done
Event: 8.726 loading class java/util/concurrent/atomic/AtomicReferenceFieldUpdater$AtomicReferenceFieldUpdaterImpl$1


Dynamic libraries:
0x00007ff7f7570000 - 0x00007ff7f7580000 	C:\Program Files\Java\jdk-11\bin\java.exe
0x00007ff9b50e0000 - 0x00007ff9b52e9000 	C:\windows\SYSTEM32\ntdll.dll
0x00007ff9b39e0000 - 0x00007ff9b3a9e000 	C:\windows\System32\KERNEL32.DLL
0x00007ff9b29c0000 - 0x00007ff9b2d44000 	C:\windows\System32\KERNELBASE.dll
0x00007ff9b26c0000 - 0x00007ff9b27d1000 	C:\windows\System32\ucrtbase.dll
0x00007ff997220000 - 0x00007ff997238000 	C:\Program Files\Java\jdk-11\bin\jli.dll
0x00007ff995470000 - 0x00007ff99548b000 	C:\Program Files\Java\jdk-11\bin\VCRUNTIME140.dll
0x00007ff9b4cc0000 - 0x00007ff9b4d6f000 	C:\windows\System32\ADVAPI32.dll
0x00007ff9b3e60000 - 0x00007ff9b3f03000 	C:\windows\System32\msvcrt.dll
0x00007ff9b3610000 - 0x00007ff9b36ae000 	C:\windows\System32\sechost.dll
0x00007ff9b3aa0000 - 0x00007ff9b3bc1000 	C:\windows\System32\RPCRT4.dll
0x00007ff9b4ef0000 - 0x00007ff9b509d000 	C:\windows\System32\USER32.dll
0x00007ff996550000 - 0x00007ff9967f5000 	C:\windows\WinSxS\amd64_microsoft.windows.common-controls_6595b64144ccf1df_6.0.22000.120_none_9d947278b86cc467\COMCTL32.dll
0x00007ff9b2690000 - 0x00007ff9b26b6000 	C:\windows\System32\win32u.dll
0x00007ff9b4d80000 - 0x00007ff9b4daa000 	C:\windows\System32\GDI32.dll
0x00007ff9b2d50000 - 0x00007ff9b2e6f000 	C:\windows\System32\gdi32full.dll
0x00007ff9b06b0000 - 0x00007ff9b06ba000 	C:\windows\SYSTEM32\VERSION.dll
0x00007ff9b2570000 - 0x00007ff9b260d000 	C:\windows\System32\msvcp_win.dll
0x00007ff9b4c80000 - 0x00007ff9b4cb1000 	C:\windows\System32\IMM32.DLL
0x00007ff9b20b0000 - 0x00007ff9b21b2000 	C:\Program Files\Avecto\Privilege Guard Client\PGHook.dll
0x0000000068000000 - 0x0000000068073000 	C:\windows\System32\QIPCAP64.dll
0x00007ff9b44b0000 - 0x00007ff9b4c75000 	C:\windows\System32\SHELL32.dll
0x00007ff9b0cd0000 - 0x00007ff9b0db7000 	C:\windows\SYSTEM32\DNSAPI.dll
0x00007ff9b0ca0000 - 0x00007ff9b0ccd000 	C:\windows\SYSTEM32\IPHLPAPI.DLL
0x00007ff9b3010000 - 0x00007ff9b3019000 	C:\windows\System32\NSI.dll
0x00007ff998cb0000 - 0x00007ff998cbc000 	C:\Program Files\Java\jdk-11\bin\vcruntime140_1.dll
0x00007ff96aac0000 - 0x00007ff96ab4e000 	C:\Program Files\Java\jdk-11\bin\msvcp140.dll
0x00007ff9325f0000 - 0x00007ff933158000 	C:\Program Files\Java\jdk-11\bin\server\jvm.dll
0x00000215075d0000 - 0x00000215075d8000 	C:\windows\System32\PSAPI.DLL
0x00007ff97d0a0000 - 0x00007ff97d0a9000 	C:\windows\SYSTEM32\WSOCK32.dll
0x00007ff9b3020000 - 0x00007ff9b308f000 	C:\windows\System32\WS2_32.dll
0x00007ff9a5220000 - 0x00007ff9a5253000 	C:\windows\SYSTEM32\WINMM.dll
0x00007ff9b1370000 - 0x00007ff9b1388000 	C:\windows\SYSTEM32\kernel.appcore.dll
0x00007ff998ae0000 - 0x00007ff998af0000 	C:\Program Files\Java\jdk-11\bin\verify.dll
0x00007ff9ac1b0000 - 0x00007ff9ac3d1000 	C:\windows\SYSTEM32\DBGHELP.DLL
0x00007ff984d50000 - 0x00007ff984d81000 	C:\windows\SYSTEM32\dbgcore.DLL
0x00007ff9b2610000 - 0x00007ff9b268f000 	C:\windows\System32\bcryptPrimitives.dll
0x00007ff994c40000 - 0x00007ff994c68000 	C:\Program Files\Java\jdk-11\bin\java.dll
0x00007ff998250000 - 0x00007ff99825a000 	C:\Program Files\Java\jdk-11\bin\jimage.dll
0x00007ff9a9e80000 - 0x00007ff9a9e8e000 	C:\Program Files\Java\jdk-11\bin\instrument.dll
0x00007ff995450000 - 0x00007ff995467000 	C:\Program Files\Java\jdk-11\bin\zip.dll
0x00007ff9afe20000 - 0x00007ff9b0682000 	C:\windows\SYSTEM32\windows.storage.dll
0x00007ff9b3f10000 - 0x00007ff9b4286000 	C:\windows\System32\combase.dll
0x00007ff9afcb0000 - 0x00007ff9afe17000 	C:\windows\SYSTEM32\wintypes.dll
0x00007ff9b3d70000 - 0x00007ff9b3e5a000 	C:\windows\System32\SHCORE.dll
0x0000021521da0000 - 0x0000021521dfd000 	C:\windows\System32\shlwapi.dll
0x00007ff9b24a0000 - 0x00007ff9b24c5000 	C:\windows\SYSTEM32\profapi.dll
0x00007ff994c20000 - 0x00007ff994c39000 	C:\Program Files\Java\jdk-11\bin\net.dll
0x00007ff9b1390000 - 0x00007ff9b14a4000 	C:\windows\SYSTEM32\WINHTTP.dll
0x00007ff9b1930000 - 0x00007ff9b1997000 	C:\windows\system32\mswsock.dll
0x00007ff994af0000 - 0x00007ff994b02000 	C:\Program Files\Java\jdk-11\bin\nio.dll
0x00007ff997bd0000 - 0x00007ff997bf7000 	C:\Users\prajna.p.pradhan\.gradle\native\68d5fa5c4cc2d200863cafc0d521ce42e7d3e7ee720ec0a83991735586a16f82\windows-amd64\native-platform.dll
0x00007ff9a6bd0000 - 0x00007ff9a6bda000 	C:\Users\prajna.p.pradhan\.gradle\native\jansi\1.18\windows64\jansi.dll
0x00007ff9a69d0000 - 0x00007ff9a69d9000 	C:\Program Files\Java\jdk-11\bin\management.dll
0x00007ff9a5280000 - 0x00007ff9a528b000 	C:\Program Files\Java\jdk-11\bin\management_ext.dll
0x00007ff9b1c00000 - 0x00007ff9b1c18000 	C:\windows\SYSTEM32\CRYPTSP.dll
0x00007ff9b12d0000 - 0x00007ff9b1305000 	C:\windows\system32\rsaenh.dll
0x00007ff9b19d0000 - 0x00007ff9b19fc000 	C:\windows\SYSTEM32\USERENV.dll
0x00007ff9b1db0000 - 0x00007ff9b1dd7000 	C:\windows\SYSTEM32\bcrypt.dll
0x00007ff9b1b20000 - 0x00007ff9b1b2c000 	C:\windows\SYSTEM32\CRYPTBASE.dll
0x00007ff9a6f80000 - 0x00007ff9a6f99000 	C:\windows\SYSTEM32\dhcpcsvc6.DLL
0x00007ff9a6f60000 - 0x00007ff9a6f7e000 	C:\windows\SYSTEM32\dhcpcsvc.DLL

dbghelp: loaded successfully - version: 4.0.5 - missing functions: none
symbol engine: initialized successfully - sym options: 0x614 - pdb path: .;C:\Program Files\Java\jdk-11\bin;C:\windows\SYSTEM32;C:\windows\WinSxS\amd64_microsoft.windows.common-controls_6595b64144ccf1df_6.0.22000.120_none_9d947278b86cc467;C:\Program Files\Avecto\Privilege Guard Client;C:\Program Files\Java\jdk-11\bin\server;C:\Users\prajna.p.pradhan\.gradle\native\68d5fa5c4cc2d200863cafc0d521ce42e7d3e7ee720ec0a83991735586a16f82\windows-amd64;C:\Users\prajna.p.pradhan\.gradle\native\jansi\1.18\windows64

VM Arguments:
jvm_args: -Xmx64m -Xms64m -javaagent:C:\Users\prajna.p.pradhan\Downloads\gradle-8.3-bin\gradle-8.3/lib/agents/gradle-instrumentation-agent-8.3.jar -Dorg.gradle.appname=gradle 
java_command: org.gradle.launcher.GradleMain init
java_class_path (initial): C:\Users\prajna.p.pradhan\Downloads\gradle-8.3-bin\gradle-8.3\lib\gradle-launcher-8.3.jar
Launcher Type: SUN_STANDARD

[Global flags]
     intx CICompilerCount                          = 4                                         {product} {ergonomic}
     uint ConcGCThreads                            = 2                                         {product} {ergonomic}
     uint G1ConcRefinementThreads                  = 8                                         {product} {ergonomic}
   size_t G1HeapRegionSize                         = 1048576                                   {product} {ergonomic}
    uintx GCDrainStackTargetSize                   = 64                                        {product} {ergonomic}
   size_t InitialHeapSize                          = 67108864                                  {product} {command line}
   size_t MarkStackSize                            = 4194304                                   {product} {ergonomic}
   size_t MaxHeapSize                              = 67108864                                  {product} {command line}
   size_t MaxNewSize                               = 39845888                                  {product} {ergonomic}
   size_t MinHeapDeltaBytes                        = 1048576                                   {product} {ergonomic}
    uintx NonNMethodCodeHeapSize                   = 5836300                                {pd product} {ergonomic}
    uintx NonProfiledCodeHeapSize                  = 122910970                              {pd product} {ergonomic}
    uintx ProfiledCodeHeapSize                     = 122910970                              {pd product} {ergonomic}
    uintx ReservedCodeCacheSize                    = 251658240                              {pd product} {ergonomic}
     bool SegmentedCodeCache                       = true                                      {product} {ergonomic}
     bool UseCompressedClassPointers               = true                                 {lp64_product} {ergonomic}
     bool UseCompressedOops                        = true                                 {lp64_product} {ergonomic}
     bool UseG1GC                                  = true                                      {product} {ergonomic}
     bool UseLargePagesIndividualAllocation        = false                                  {pd product} {ergonomic}

Logging:
Log output configuration:
 #0: stdout all=warning uptime,level,tags
 #1: stderr all=off uptime,level,tags

Environment Variables:
JAVA_HOME=C:\Program Files\Java\jdk-11
CLASSPATH=C:\Users\prajna.p.pradhan\Downloads\gradle-8.3-bin\gradle-8.3\lib\gradle-launcher-8.3.jar
PATH=C:\Program Files\Common Files\Oracle\Java\javapath;C:\Program Files (x86)\RSA SecurID Token Common;C:\windows\system32;C:\windows;C:\windows\System32\Wbem;C:\windows\System32\WindowsPowerShell\v1.0\;C:\windows\System32\OpenSSH\;C:\Program Files (x86)\Common Files\Pulse Secure\VC142.CRT\X64\;C:\Program Files (x86)\Common Files\Pulse Secure\VC142.CRT\X86\;C:\Program Files (x86)\Pulse Secure\VC142.CRT\X64\;C:\Program Files (x86)\Pulse Secure\VC142.CRT\X86\;C:\Program Files (x86)\Common Files\Pulse Secure\TNC Client Plugin\;C:\Users\prajna.p.pradhan\scoop\shims;C:\Program Files (x86)\RSA SecurID Token Common\;C:\Users\prajna.p.pradhan\Downloads\gradle-8.3-bin\gradle-8.3\bin
USERNAME=prajna.p.pradhan
OS=Windows_NT
PROCESSOR_IDENTIFIER=Intel64 Family 6 Model 142 Stepping 12, GenuineIntel



---------------  S Y S T E M  ---------------

OS: Windows 11 , 64 bit Build 22000 (10.0.22000.2124)
Hyper-V role detected

CPU:total 8 (initial active 8) (4 cores per cpu, 2 threads per core) family 6 model 142 stepping 12 microcode 0xf4, cmov, cx8, fxsr, mmx, sse, sse2, sse3, ssse3, sse4.1, sse4.2, popcnt, avx, avx2, aes, clmul, erms, 3dnowpref, lzcnt, ht, tsc, tscinvbit, bmi1, bmi2, adx, fma

Memory: 4k page, system-wide physical 7952M (415M free)
TotalPageFile size 20240M (AvailPageFile size 0M)
current process WorkingSet (physical memory assigned to process): 101M, peak: 104M
current process commit charge ("private bytes"): 166M, peak: 170M

vm_info: Java HotSpot(TM) 64-Bit Server VM (11.0.18+9-LTS-195) for windows-amd64 JRE (11.0.18+9-LTS-195), built on Dec  6 2022 15:50:58 by "mach5one" with MS VC++ 17.1 (VS2022)

END.
